<?xml version="1.0" encoding="UTF-8" ?>
<testsuite failures="0" time="1.11" errors="0" skipped="0" tests="5" name="test.java.M.Tests.MyTest">
  <properties>
    <property name="java.runtime.name" value="Java(TM) SE Runtime Environment"/>
    <property name="sun.boot.library.path" value="D:\Program Files\Java\jdk1.7.0_60\jre\bin"/>
    <property name="java.vm.version" value="24.60-b09"/>
    <property name="java.vm.vendor" value="Oracle Corporation"/>
    <property name="java.vendor.url" value="http://java.oracle.com/"/>
    <property name="path.separator" value=";"/>
    <property name="guice.disable.misplaced.annotation.check" value="true"/>
    <property name="java.vm.name" value="Java HotSpot(TM) Client VM"/>
    <property name="file.encoding.pkg" value="sun.io"/>
    <property name="user.script" value=""/>
    <property name="user.country" value="PL"/>
    <property name="sun.java.launcher" value="SUN_STANDARD"/>
    <property name="sun.os.patch.level" value="Dodatek Service Pack 3"/>
    <property name="java.vm.specification.name" value="Java Virtual Machine Specification"/>
    <property name="user.dir" value="D:\Documents and Settings\admin\Pulpit\p\akutimer"/>
    <property name="java.runtime.version" value="1.7.0_60-b19"/>
    <property name="java.awt.graphicsenv" value="sun.awt.Win32GraphicsEnvironment"/>
    <property name="java.endorsed.dirs" value="D:\Program Files\Java\jdk1.7.0_60\jre\lib\endorsed"/>
    <property name="os.arch" value="x86"/>
    <property name="java.io.tmpdir" value="D:\DOCUME~1\admin\USTAWI~1\Temp\"/>
    <property name="line.separator" value="
"/>
    <property name="java.vm.specification.vendor" value="Oracle Corporation"/>
    <property name="user.variant" value=""/>
    <property name="os.name" value="Windows XP"/>
    <property name="classworlds.conf" value="D:\Documents and Settings\admin\Pulpit\p\.metadata\.plugins\org.eclipse.m2e.launching\launches\m2conf3588117378588184615.tmp"/>
    <property name="sun.jnu.encoding" value="Cp1250"/>
    <property name="java.library.path" value="D:\Program Files\Java\jdk1.7.0_60\bin;D:\WINDOWS\Sun\Java\bin;D:\WINDOWS\system32;D:\WINDOWS;D:/Program Files/Java/jre7/bin/client;D:/Program Files/Java/jre7/bin;D:/Program Files/Java/jre7/lib/i386;D:\Program Files\NVIDIA Corporation\PhysX\Common;D:\WINDOWS\SYSTEM32;D:\WINDOWS;D:\WINDOWS\SYSTEM32\WBEM;D:\PROGRAM FILES\ATI TECHNOLOGIES\ATI.ACE\CORE-STATIC;D:\PROGRAM FILES\COMMON FILES\AUTODESK SHARED\;D:\PROGRAM FILES\AUTODESK\BACKBURNER\;D:\Program Files\Microsoft\Web Platform Installer\;D:\Program Files\Microsoft SQL Server\100\Tools\Binn\;D:\Program Files\Microsoft SQL Server\100\DTS\Binn\;D:\Program Files\TortoiseGit\bin;D:\Documents and Settings\admin\Pulpit\eclipse;;."/>
    <property name="java.specification.name" value="Java Platform API Specification"/>
    <property name="java.class.version" value="51.0"/>
    <property name="sun.management.compiler" value="HotSpot Client Compiler"/>
    <property name="os.version" value="5.1"/>
    <property name="user.home" value="D:\Documents and Settings\admin"/>
    <property name="user.timezone" value="Europe/Belgrade"/>
    <property name="java.awt.printerjob" value="sun.awt.windows.WPrinterJob"/>
    <property name="java.specification.version" value="1.7"/>
    <property name="file.encoding" value="Cp1250"/>
    <property name="user.name" value="admin"/>
    <property name="java.class.path" value="/D:/Documents and Settings/admin/Pulpit/eclipse/configuration/org.eclipse.osgi/bundles/448/1/.cp/jars/plexus-classworlds-2.4.jar"/>
    <property name="java.vm.specification.version" value="1.7"/>
    <property name="sun.arch.data.model" value="32"/>
    <property name="java.home" value="D:\Program Files\Java\jdk1.7.0_60\jre"/>
    <property name="sun.java.command" value="org.codehaus.plexus.classworlds.launcher.Launcher -B package"/>
    <property name="java.specification.vendor" value="Oracle Corporation"/>
    <property name="user.language" value="pl"/>
    <property name="awt.toolkit" value="sun.awt.windows.WToolkit"/>
    <property name="java.vm.info" value="mixed mode, sharing"/>
    <property name="java.version" value="1.7.0_60"/>
    <property name="java.ext.dirs" value="D:\Program Files\Java\jdk1.7.0_60\jre\lib\ext;D:\WINDOWS\Sun\Java\lib\ext"/>
    <property name="sun.boot.class.path" value="D:\Program Files\Java\jdk1.7.0_60\jre\lib\resources.jar;D:\Program Files\Java\jdk1.7.0_60\jre\lib\rt.jar;D:\Program Files\Java\jdk1.7.0_60\jre\lib\sunrsasign.jar;D:\Program Files\Java\jdk1.7.0_60\jre\lib\jsse.jar;D:\Program Files\Java\jdk1.7.0_60\jre\lib\jce.jar;D:\Program Files\Java\jdk1.7.0_60\jre\lib\charsets.jar;D:\Program Files\Java\jdk1.7.0_60\jre\lib\jfr.jar;D:\Program Files\Java\jdk1.7.0_60\jre\classes"/>
    <property name="java.vendor" value="Oracle Corporation"/>
    <property name="maven.home" value="D:\Documents and Settings\admin\Pulpit\p\akutimer\EMBEDDED"/>
    <property name="file.separator" value="\"/>
    <property name="java.vendor.url.bug" value="http://bugreport.sun.com/bugreport/"/>
    <property name="maven.bootclasspath" value="/D:/Documents and Settings/admin/Pulpit/eclipse/configuration/org.eclipse.osgi/bundles/448/1/.cp/jars/plexus-classworlds-2.4.jar"/>
    <property name="sun.cpu.endian" value="little"/>
    <property name="sun.io.unicode.encoding" value="UnicodeLittle"/>
    <property name="sun.desktop" value="windows"/>
    <property name="sun.cpu.isalist" value="pentium_pro+mmx pentium_pro pentium+mmx pentium i486 i386 i86"/>
  </properties>
  <testcase time="0.047" classname="test.java.M.Tests.MyTest" name="PointToStringConverterTest"/>
  <testcase time="0" classname="test.java.M.Tests.MyTest" name="DateToStringConverterTest"/>
  <testcase time="0" classname="test.java.M.Tests.MyTest" name="DateIncTest"/>
  <testcase time="0" classname="test.java.M.Tests.MyTest" name="DateNotLargerTest"/>
  <testcase time="0" classname="test.java.M.Tests.MyTest" name="ConvertAndCheckTest"/>
</testsuite>